<?xml version="1.0" encoding="UTF-8"?>
<testng-results skipped="0" failed="0" ignored="0" total="1" passed="1">
  <reporter-output>
  </reporter-output>
  <suite name="Default suite" duration-ms="101152" started-at="2017-06-28T11:14:26Z" finished-at="2017-06-28T11:16:07Z">
    <groups>
    </groups>
    <test name="Default test" duration-ms="101152" started-at="2017-06-28T11:14:26Z" finished-at="2017-06-28T11:16:07Z">
      <class name="com.westpac.test.WestpacTest">
        <test-method status="PASS" signature="setUp()[pri:0, instance:com.westpac.test.WestpacTest@166e5bd]" name="setUp" is-config="true" duration-ms="3891" started-at="2017-06-28T16:44:26Z" finished-at="2017-06-28T16:44:30Z">
          <reporter-output>
          </reporter-output>
        </test-method> <!-- setUp -->
        <test-method status="PASS" signature="testWestPacScenarios()[pri:0, instance:com.westpac.test.WestpacTest@166e5bd]" name="testWestPacScenarios" duration-ms="96027" started-at="2017-06-28T16:44:30Z" finished-at="2017-06-28T16:46:06Z">
          <reporter-output>
          </reporter-output>
        </test-method> <!-- testWestPacScenarios -->
        <test-method status="PASS" signature="tearDown()[pri:0, instance:com.westpac.test.WestpacTest@166e5bd]" name="tearDown" is-config="true" duration-ms="1209" started-at="2017-06-28T16:46:06Z" finished-at="2017-06-28T16:46:07Z">
          <reporter-output>
          </reporter-output>
        </test-method> <!-- tearDown -->
      </class> <!-- com.westpac.test.WestpacTest -->
    </test> <!-- Default test -->
  </suite> <!-- Default suite -->
</testng-results>
